{"best_rauc": 0.5856481481481481, "final_abs_r10": 1.0, "final_clean": 0.7222222222222222, "final_median_r80": 0.09999999999999995, "final_rauc": 0.5856481481481481, "method": "uniform", "rauc_aulc": 0.3919270833333333, "runtime_sec": 16.22994375228882, "seed": 0}
{"best_rauc": 0.6064814814814815, "final_abs_r10": 0.9916666666666667, "final_clean": 0.5833333333333334, "final_median_r80": 0.3333333333333333, "final_rauc": 0.6064814814814815, "method": "fixed", "rauc_aulc": 0.41218171296296297, "runtime_sec": 16.475653409957886, "seed": 0}
{"best_rauc": 0.6354166666666666, "final_abs_r10": 0.975, "final_clean": 0.75, "final_median_r80": 0.09999999999999995, "final_rauc": 0.6354166666666666, "method": "failure_only", "rauc_aulc": 0.44733796296296285, "runtime_sec": 135.1149959564209, "seed": 0}
{"best_rauc": 0.5543981481481481, "final_abs_r10": 0.46249999999999997, "final_clean": 0.5416666666666666, "final_median_r80": 0.375, "final_rauc": 0.5543981481481481, "method": "td_loss", "rauc_aulc": 0.4039351851851852, "runtime_sec": 23.67965316772461, "seed": 0}
{"best_rauc": 0.5439814814814815, "final_abs_r10": 0.8083333333333332, "final_clean": 0.611111111111111, "final_median_r80": 0.24999999999999994, "final_rauc": 0.5439814814814815, "method": "bgr_uniform_radius", "rauc_aulc": 0.38353587962962965, "runtime_sec": 19.697923183441162, "seed": 0}
{"best_rauc": 0.47685185185185186, "final_abs_r10": 0.4666666666666667, "final_clean": 0.4444444444444444, "final_median_r80": 0.41666666666666663, "final_rauc": 0.47685185185185186, "method": "bgr_clean_shield", "rauc_aulc": 0.3537326388888889, "runtime_sec": 28.865917205810547, "seed": 0}
{"best_rauc": 0.4884259259259259, "final_abs_r10": 0.5458333333333333, "final_clean": 0.4861111111111111, "final_median_r80": 0.41666666666666663, "final_rauc": 0.4884259259259259, "method": "bgr_coverage", "rauc_aulc": 0.35720486111111105, "runtime_sec": 19.266043186187744, "seed": 0}
{"best_rauc": 0.4918981481481481, "final_abs_r10": 0.2833333333333333, "final_clean": 0.486111111111111, "final_median_r80": 0.3, "final_rauc": 0.4918981481481481, "method": "bgr", "rauc_aulc": 0.36226851851851855, "runtime_sec": 19.04422402381897, "seed": 0}
{"best_rauc": 0.6585648148148148, "final_abs_r10": 1.0, "final_clean": 0.6944444444444443, "final_median_r80": 0.3833333333333333, "final_rauc": 0.6585648148148148, "method": "uniform", "rauc_aulc": 0.49985532407407407, "runtime_sec": 12.960584878921509, "seed": 1}
{"best_rauc": 0.6539351851851851, "final_abs_r10": 1.0, "final_clean": 0.6388888888888888, "final_median_r80": 0.49999999999999994, "final_rauc": 0.6539351851851851, "method": "fixed", "rauc_aulc": 0.4871238425925926, "runtime_sec": 13.850523233413696, "seed": 1}
{"best_rauc": 0.6851851851851851, "final_abs_r10": 1.0, "final_clean": 0.6527777777777778, "final_median_r80": 0.3916666666666666, "final_rauc": 0.6851851851851851, "method": "failure_only", "rauc_aulc": 0.5081018518518517, "runtime_sec": 113.92533826828003, "seed": 1}
{"best_rauc": 0.6863425925925926, "final_abs_r10": 0.9791666666666667, "final_clean": 0.5694444444444443, "final_median_r80": 0.5166666666666666, "final_rauc": 0.6863425925925926, "method": "td_loss", "rauc_aulc": 0.5186631944444444, "runtime_sec": 21.457940340042114, "seed": 1}
{"best_rauc": 0.6574074074074074, "final_abs_r10": 1.0, "final_clean": 0.7083333333333334, "final_median_r80": 0.44166666666666665, "final_rauc": 0.6574074074074074, "method": "bgr_uniform_radius", "rauc_aulc": 0.49710648148148157, "runtime_sec": 17.336391925811768, "seed": 1}
{"best_rauc": 0.6377314814814815, "final_abs_r10": 0.9875, "final_clean": 0.5972222222222222, "final_median_r80": 0.55, "final_rauc": 0.6087962962962963, "method": "bgr_clean_shield", "rauc_aulc": 0.49247685185185186, "runtime_sec": 25.852189540863037, "seed": 1}
{"best_rauc": 0.5949074074074074, "final_abs_r10": 1.0, "final_clean": 0.5416666666666666, "final_median_r80": 0.6583333333333332, "final_rauc": 0.5949074074074074, "method": "bgr_coverage", "rauc_aulc": 0.45804398148148157, "runtime_sec": 16.820699214935303, "seed": 1}
{"best_rauc": 0.65625, "final_abs_r10": 1.0, "final_clean": 0.6805555555555555, "final_median_r80": 0.4333333333333333, "final_rauc": 0.65625, "method": "bgr", "rauc_aulc": 0.4697627314814815, "runtime_sec": 16.699394702911377, "seed": 1}
{"best_rauc": 0.5439814814814815, "final_abs_r10": 0.6291666666666667, "final_clean": 0.5694444444444445, "final_median_r80": 0.3833333333333333, "final_rauc": 0.5439814814814815, "method": "uniform", "rauc_aulc": 0.40596064814814814, "runtime_sec": 15.088098049163818, "seed": 2}
{"best_rauc": 0.5625, "final_abs_r10": 0.8958333333333333, "final_clean": 0.5416666666666666, "final_median_r80": 0.5333333333333333, "final_rauc": 0.5625, "method": "fixed", "rauc_aulc": 0.42013888888888895, "runtime_sec": 15.21071195602417, "seed": 2}
{"best_rauc": 0.6134259259259259, "final_abs_r10": 1.0, "final_clean": 0.611111111111111, "final_median_r80": 0.4833333333333333, "final_rauc": 0.6134259259259259, "method": "failure_only", "rauc_aulc": 0.4635416666666667, "runtime_sec": 130.65490698814392, "seed": 2}
{"best_rauc": 0.6006944444444444, "final_abs_r10": 0.9624999999999999, "final_clean": 0.5277777777777778, "final_median_r80": 0.6083333333333333, "final_rauc": 0.6006944444444444, "method": "td_loss", "rauc_aulc": 0.4156539351851852, "runtime_sec": 22.990760326385498, "seed": 2}
{"best_rauc": 0.5902777777777778, "final_abs_r10": 0.8958333333333333, "final_clean": 0.5, "final_median_r80": 0.8999999999999999, "final_rauc": 0.5902777777777778, "method": "bgr_uniform_radius", "rauc_aulc": 0.4314236111111112, "runtime_sec": 19.390445709228516, "seed": 2}
{"best_rauc": 0.5821759259259259, "final_abs_r10": 0.7166666666666667, "final_clean": 0.5555555555555555, "final_median_r80": 0.375, "final_rauc": 0.5821759259259259, "method": "bgr_clean_shield", "rauc_aulc": 0.3844039351851852, "runtime_sec": 26.924539804458618, "seed": 2}
{"best_rauc": 0.4976851851851852, "final_abs_r10": 0.7249999999999999, "final_clean": 0.5277777777777777, "final_median_r80": 0.3083333333333333, "final_rauc": 0.4976851851851852, "method": "bgr_coverage", "rauc_aulc": 0.37471064814814814, "runtime_sec": 17.91959571838379, "seed": 2}
{"best_rauc": 0.5358796296296297, "final_abs_r10": 0.7958333333333333, "final_clean": 0.5416666666666666, "final_median_r80": 0.35, "final_rauc": 0.5358796296296297, "method": "bgr", "rauc_aulc": 0.37282986111111105, "runtime_sec": 18.034325122833252, "seed": 2}
{"best_rauc": 0.6446759259259259, "final_abs_r10": 1.0, "final_clean": 0.5833333333333334, "final_median_r80": 0.6777777777777778, "final_rauc": 0.6446759259259259, "method": "uniform", "rauc_aulc": 0.45109953703703703, "runtime_sec": 13.945260524749756, "seed": 3}
{"best_rauc": 0.6122685185185185, "final_abs_r10": 1.0, "final_clean": 0.5555555555555555, "final_median_r80": 0.7916666666666665, "final_rauc": 0.5960648148148148, "method": "fixed", "rauc_aulc": 0.4635416666666667, "runtime_sec": 14.161926984786987, "seed": 3}
{"best_rauc": 0.6712962962962962, "final_abs_r10": 1.0, "final_clean": 0.6805555555555555, "final_median_r80": 0.4333333333333333, "final_rauc": 0.6712962962962962, "method": "failure_only", "rauc_aulc": 0.4778645833333333, "runtime_sec": 115.14524745941162, "seed": 3}
{"best_rauc": 0.6365740740740741, "final_abs_r10": 1.0, "final_clean": 0.6388888888888888, "final_median_r80": 0.375, "final_rauc": 0.6365740740740741, "method": "td_loss", "rauc_aulc": 0.4709201388888889, "runtime_sec": 22.163381338119507, "seed": 3}
{"best_rauc": 0.5775462962962963, "final_abs_r10": 0.8916666666666666, "final_clean": 0.6249999999999999, "final_median_r80": 0.2666666666666666, "final_rauc": 0.5775462962962963, "method": "bgr_uniform_radius", "rauc_aulc": 0.4403935185185185, "runtime_sec": 17.82615375518799, "seed": 3}
{"best_rauc": 0.6076388888888888, "final_abs_r10": 0.8791666666666667, "final_clean": 0.625, "final_median_r80": 0.4333333333333333, "final_rauc": 0.6076388888888888, "method": "bgr_clean_shield", "rauc_aulc": 0.4577546296296296, "runtime_sec": 26.968168258666992, "seed": 3}
{"best_rauc": 0.5416666666666666, "final_abs_r10": 0.8791666666666667, "final_clean": 0.6388888888888888, "final_median_r80": 0.2666666666666666, "final_rauc": 0.5416666666666666, "method": "bgr_coverage", "rauc_aulc": 0.43475115740740733, "runtime_sec": 16.858644247055054, "seed": 3}
{"best_rauc": 0.5914351851851852, "final_abs_r10": 0.975, "final_clean": 0.5833333333333334, "final_median_r80": 0.4333333333333333, "final_rauc": 0.5914351851851852, "method": "bgr", "rauc_aulc": 0.42158564814814814, "runtime_sec": 16.963897943496704, "seed": 3}
