[done] method=uniform seed=0 rauc=0.9648 clean=1.0000 aulc=0.7754 elapsed=1.70s
[done] method=uniform seed=1 rauc=0.9974 clean=1.0000 aulc=0.6411 elapsed=1.73s
[done] method=uniform seed=2 rauc=0.9362 clean=1.0000 aulc=0.7597 elapsed=1.69s
[done] method=uniform seed=3 rauc=0.9635 clean=1.0000 aulc=0.6256 elapsed=1.85s
[done] method=uniform seed=4 rauc=0.9078 clean=1.0000 aulc=0.7506 elapsed=1.77s
[done] method=uniform seed=5 rauc=0.9849 clean=1.0000 aulc=0.8167 elapsed=1.58s
[done] method=uniform seed=6 rauc=0.9935 clean=1.0000 aulc=0.6707 elapsed=1.71s
[done] method=uniform seed=7 rauc=0.9387 clean=1.0000 aulc=0.6000 elapsed=1.97s
[done] method=fixed seed=0 rauc=0.9609 clean=1.0000 aulc=0.6018 elapsed=1.83s
[done] method=fixed seed=1 rauc=0.9323 clean=1.0000 aulc=0.5152 elapsed=1.84s
[done] method=fixed seed=2 rauc=0.9445 clean=1.0000 aulc=0.8159 elapsed=1.68s
[done] method=fixed seed=3 rauc=0.8547 clean=1.0000 aulc=0.5355 elapsed=1.90s
[done] method=fixed seed=4 rauc=0.6695 clean=0.5000 aulc=0.5300 elapsed=1.69s
[done] method=fixed seed=5 rauc=0.8846 clean=1.0000 aulc=0.7196 elapsed=1.59s
[done] method=fixed seed=6 rauc=0.9320 clean=1.0000 aulc=0.6097 elapsed=1.78s
[done] method=fixed seed=7 rauc=0.9450 clean=1.0000 aulc=0.6560 elapsed=2.01s
[done] method=failure_only seed=0 rauc=0.9688 clean=1.0000 aulc=0.8167 elapsed=2.12s
[done] method=failure_only seed=1 rauc=0.9948 clean=1.0000 aulc=0.7240 elapsed=2.15s
[done] method=failure_only seed=2 rauc=1.0000 clean=1.0000 aulc=0.8397 elapsed=1.97s
[done] method=failure_only seed=3 rauc=0.5406 clean=1.0000 aulc=0.4730 elapsed=2.53s
[done] method=failure_only seed=4 rauc=0.9974 clean=1.0000 aulc=0.7770 elapsed=2.25s
[done] method=failure_only seed=5 rauc=1.0000 clean=1.0000 aulc=0.8203 elapsed=2.04s
[done] method=failure_only seed=6 rauc=1.0000 clean=1.0000 aulc=0.7024 elapsed=2.10s
[done] method=failure_only seed=7 rauc=1.0000 clean=1.0000 aulc=0.6943 elapsed=2.46s
[done] method=td_loss seed=0 rauc=0.9688 clean=1.0000 aulc=0.7703 elapsed=2.22s
[done] method=td_loss seed=1 rauc=0.9622 clean=1.0000 aulc=0.6125 elapsed=2.24s
[done] method=td_loss seed=2 rauc=1.0000 clean=1.0000 aulc=0.7637 elapsed=2.22s
[done] method=td_loss seed=3 rauc=0.9883 clean=1.0000 aulc=0.6959 elapsed=2.22s
[done] method=td_loss seed=4 rauc=0.8984 clean=1.0000 aulc=0.6555 elapsed=2.33s
[done] method=td_loss seed=5 rauc=0.9948 clean=1.0000 aulc=0.7234 elapsed=2.17s
[done] method=td_loss seed=6 rauc=0.9870 clean=1.0000 aulc=0.6823 elapsed=2.21s
[done] method=td_loss seed=7 rauc=0.8634 clean=1.0000 aulc=0.5558 elapsed=2.66s
[done] method=bgr_uniform_radius seed=0 rauc=0.9583 clean=1.0000 aulc=0.7956 elapsed=2.23s
[done] method=bgr_uniform_radius seed=1 rauc=0.9740 clean=1.0000 aulc=0.6230 elapsed=2.45s
[done] method=bgr_uniform_radius seed=2 rauc=0.9688 clean=1.0000 aulc=0.7406 elapsed=2.26s
[done] method=bgr_uniform_radius seed=3 rauc=0.9443 clean=1.0000 aulc=0.7370 elapsed=2.36s
[done] method=bgr_uniform_radius seed=4 rauc=0.9000 clean=1.0000 aulc=0.6964 elapsed=2.45s
[done] method=bgr_uniform_radius seed=5 rauc=0.8885 clean=1.0000 aulc=0.7038 elapsed=2.43s
[done] method=bgr_uniform_radius seed=6 rauc=0.9471 clean=1.0000 aulc=0.6551 elapsed=2.35s
[done] method=bgr_uniform_radius seed=7 rauc=0.9775 clean=1.0000 aulc=0.7084 elapsed=2.82s
[done] method=bgr_coverage seed=0 rauc=0.8693 clean=1.0000 aulc=0.7492 elapsed=2.42s
[done] method=bgr_coverage seed=1 rauc=0.8299 clean=1.0000 aulc=0.4083 elapsed=2.60s
[done] method=bgr_coverage seed=2 rauc=0.9521 clean=1.0000 aulc=0.6762 elapsed=2.32s
[done] method=bgr_coverage seed=3 rauc=0.4365 clean=1.0000 aulc=0.3758 elapsed=2.67s
[done] method=bgr_coverage seed=4 rauc=0.9094 clean=1.0000 aulc=0.6471 elapsed=2.57s
[done] method=bgr_coverage seed=5 rauc=0.9201 clean=1.0000 aulc=0.6870 elapsed=2.31s
[done] method=bgr_coverage seed=6 rauc=0.8143 clean=1.0000 aulc=0.5144 elapsed=2.52s
[done] method=bgr_coverage seed=7 rauc=0.8914 clean=1.0000 aulc=0.5154 elapsed=3.01s
[done] method=bgr seed=0 rauc=0.9570 clean=1.0000 aulc=0.8124 elapsed=2.31s
[done] method=bgr seed=1 rauc=0.9747 clean=1.0000 aulc=0.7289 elapsed=2.36s
[done] method=bgr seed=2 rauc=0.9570 clean=1.0000 aulc=0.6610 elapsed=2.31s
[done] method=bgr seed=3 rauc=0.9258 clean=1.0000 aulc=0.4920 elapsed=2.50s
[done] method=bgr seed=4 rauc=0.8953 clean=1.0000 aulc=0.5383 elapsed=2.71s
[done] method=bgr seed=5 rauc=0.8112 clean=1.0000 aulc=0.5709 elapsed=2.35s
[done] method=bgr seed=6 rauc=0.8417 clean=1.0000 aulc=0.6753 elapsed=2.27s
[done] method=bgr seed=7 rauc=0.8654 clean=1.0000 aulc=0.5411 elapsed=2.95s
package_versions={'gymnasium': '1.3.0', 'minigrid': '3.0.0'}
method,final_clean_mean,final_rauc_mean,final_median_r80_mean,final_abs_r10_mean,rauc_aulc_mean,best_rauc_mean
bgr,1.0000,0.9035,0.7967,1.0000,0.6275,0.9035
bgr_coverage,1.0000,0.8279,0.6424,0.9953,0.5717,0.8279
bgr_uniform_radius,1.0000,0.9448,0.9258,1.0000,0.7075,0.9448
failure_only,1.0000,0.9377,0.9141,0.9953,0.7309,0.9377
fixed,0.9375,0.8905,0.8033,0.9365,0.6230,0.8905
td_loss,1.0000,0.9579,0.9263,1.0000,0.6824,0.9579
uniform,1.0000,0.9609,0.9453,1.0000,0.7050,0.9609
