Requirement already satisfied: pip in ./.venv-minigrid-dynamic/lib/python3.10/site-packages (22.0.2)
Collecting pip
  Using cached pip-26.1.2-py3-none-any.whl (1.8 MB)
Installing collected packages: pip
  Attempting uninstall: pip
    Found existing installation: pip 22.0.2
    Uninstalling pip-22.0.2:
      Successfully uninstalled pip-22.0.2
Successfully installed pip-26.1.2
Collecting gymnasium==1.3.0
  Using cached gymnasium-1.3.0-py3-none-any.whl.metadata (10 kB)
Collecting minigrid==3.0.0
  Downloading minigrid-3.0.0-py3-none-any.whl.metadata (6.7 kB)
Collecting numpy>=1.21.0 (from gymnasium==1.3.0)
  Using cached numpy-2.2.6-cp310-cp310-manylinux_2_17_x86_64.manylinux2014_x86_64.whl.metadata (62 kB)
Collecting cloudpickle>=1.2.0 (from gymnasium==1.3.0)
  Using cached cloudpickle-3.1.2-py3-none-any.whl.metadata (7.1 kB)
Collecting typing-extensions>=4.3.0 (from gymnasium==1.3.0)
  Using cached typing_extensions-4.15.0-py3-none-any.whl.metadata (3.3 kB)
Collecting farama-notifications>=0.0.1 (from gymnasium==1.3.0)
  Using cached farama_notifications-0.0.6-py3-none-any.whl.metadata (729 bytes)
Collecting pygame>=2.4.0 (from minigrid==3.0.0)
  Downloading pygame-2.6.1-cp310-cp310-manylinux_2_17_x86_64.manylinux2014_x86_64.whl.metadata (12 kB)
Using cached gymnasium-1.3.0-py3-none-any.whl (953 kB)
Downloading minigrid-3.0.0-py3-none-any.whl (136 kB)
Using cached cloudpickle-3.1.2-py3-none-any.whl (22 kB)
Using cached farama_notifications-0.0.6-py3-none-any.whl (2.9 kB)
Using cached numpy-2.2.6-cp310-cp310-manylinux_2_17_x86_64.manylinux2014_x86_64.whl (16.8 MB)
Downloading pygame-2.6.1-cp310-cp310-manylinux_2_17_x86_64.manylinux2014_x86_64.whl (14.0 MB)
   ━━━━━━━━━━━━━━━━━━━━━━━━━━━━━━━━━━━━━━━━ 14.0/14.0 MB 26.3 MB/s  0:00:00
Using cached typing_extensions-4.15.0-py3-none-any.whl (44 kB)
Installing collected packages: farama-notifications, typing-extensions, pygame, numpy, cloudpickle, gymnasium, minigrid

Successfully installed cloudpickle-3.1.2 farama-notifications-0.0.6 gymnasium-1.3.0 minigrid-3.0.0 numpy-2.2.6 pygame-2.6.1 typing-extensions-4.15.0
{"best_rauc": 0.5856481481481481, "final_abs_r10": 1.0, "final_clean": 0.7222222222222222, "final_median_r80": 0.09999999999999995, "final_rauc": 0.5856481481481481, "method": "uniform", "rauc_aulc": 0.3919270833333333, "runtime_sec": 17.31791090965271, "seed": 0}
{"best_rauc": 0.6064814814814815, "final_abs_r10": 0.9916666666666667, "final_clean": 0.5833333333333334, "final_median_r80": 0.3333333333333333, "final_rauc": 0.6064814814814815, "method": "fixed", "rauc_aulc": 0.41218171296296297, "runtime_sec": 17.517576694488525, "seed": 0}
{"best_rauc": 0.6354166666666666, "final_abs_r10": 0.975, "final_clean": 0.75, "final_median_r80": 0.09999999999999995, "final_rauc": 0.6354166666666666, "method": "failure_only", "rauc_aulc": 0.44733796296296285, "runtime_sec": 135.26327395439148, "seed": 0}
{"best_rauc": 0.5543981481481481, "final_abs_r10": 0.46249999999999997, "final_clean": 0.5416666666666666, "final_median_r80": 0.375, "final_rauc": 0.5543981481481481, "method": "td_loss", "rauc_aulc": 0.4039351851851852, "runtime_sec": 23.68764352798462, "seed": 0}
{"best_rauc": 0.5439814814814815, "final_abs_r10": 0.8083333333333332, "final_clean": 0.611111111111111, "final_median_r80": 0.24999999999999994, "final_rauc": 0.5439814814814815, "method": "bgr_uniform_radius", "rauc_aulc": 0.38353587962962965, "runtime_sec": 20.183391094207764, "seed": 0}
{"best_rauc": 0.4884259259259259, "final_abs_r10": 0.5458333333333333, "final_clean": 0.4861111111111111, "final_median_r80": 0.41666666666666663, "final_rauc": 0.4884259259259259, "method": "bgr_coverage", "rauc_aulc": 0.35720486111111105, "runtime_sec": 20.373570442199707, "seed": 0}
{"best_rauc": 0.4918981481481481, "final_abs_r10": 0.2833333333333333, "final_clean": 0.486111111111111, "final_median_r80": 0.3, "final_rauc": 0.4918981481481481, "method": "bgr", "rauc_aulc": 0.36226851851851855, "runtime_sec": 19.807260990142822, "seed": 0}
{"best_rauc": 0.6585648148148148, "final_abs_r10": 1.0, "final_clean": 0.6944444444444443, "final_median_r80": 0.3833333333333333, "final_rauc": 0.6585648148148148, "method": "uniform", "rauc_aulc": 0.49985532407407407, "runtime_sec": 12.869093656539917, "seed": 1}
{"best_rauc": 0.6539351851851851, "final_abs_r10": 1.0, "final_clean": 0.6388888888888888, "final_median_r80": 0.49999999999999994, "final_rauc": 0.6539351851851851, "method": "fixed", "rauc_aulc": 0.4871238425925926, "runtime_sec": 14.206380128860474, "seed": 1}
{"best_rauc": 0.6851851851851851, "final_abs_r10": 1.0, "final_clean": 0.6527777777777778, "final_median_r80": 0.3916666666666666, "final_rauc": 0.6851851851851851, "method": "failure_only", "rauc_aulc": 0.5081018518518517, "runtime_sec": 115.49712324142456, "seed": 1}
{"best_rauc": 0.6863425925925926, "final_abs_r10": 0.9791666666666667, "final_clean": 0.5694444444444443, "final_median_r80": 0.5166666666666666, "final_rauc": 0.6863425925925926, "method": "td_loss", "rauc_aulc": 0.5186631944444444, "runtime_sec": 23.549548387527466, "seed": 1}
{"best_rauc": 0.6574074074074074, "final_abs_r10": 1.0, "final_clean": 0.7083333333333334, "final_median_r80": 0.44166666666666665, "final_rauc": 0.6574074074074074, "method": "bgr_uniform_radius", "rauc_aulc": 0.49710648148148157, "runtime_sec": 17.86673641204834, "seed": 1}
{"best_rauc": 0.5949074074074074, "final_abs_r10": 1.0, "final_clean": 0.5416666666666666, "final_median_r80": 0.6583333333333332, "final_rauc": 0.5949074074074074, "method": "bgr_coverage", "rauc_aulc": 0.45804398148148157, "runtime_sec": 18.203399419784546, "seed": 1}
{"best_rauc": 0.65625, "final_abs_r10": 1.0, "final_clean": 0.6805555555555555, "final_median_r80": 0.4333333333333333, "final_rauc": 0.65625, "method": "bgr", "rauc_aulc": 0.4697627314814815, "runtime_sec": 17.25663948059082, "seed": 1}
{"best_rauc": 0.5439814814814815, "final_abs_r10": 0.6291666666666667, "final_clean": 0.5694444444444445, "final_median_r80": 0.3833333333333333, "final_rauc": 0.5439814814814815, "method": "uniform", "rauc_aulc": 0.40596064814814814, "runtime_sec": 16.27003526687622, "seed": 2}
{"best_rauc": 0.5625, "final_abs_r10": 0.8958333333333333, "final_clean": 0.5416666666666666, "final_median_r80": 0.5333333333333333, "final_rauc": 0.5625, "method": "fixed", "rauc_aulc": 0.42013888888888895, "runtime_sec": 16.341124296188354, "seed": 2}
{"best_rauc": 0.6134259259259259, "final_abs_r10": 1.0, "final_clean": 0.611111111111111, "final_median_r80": 0.4833333333333333, "final_rauc": 0.6134259259259259, "method": "failure_only", "rauc_aulc": 0.4635416666666667, "runtime_sec": 132.4344711303711, "seed": 2}
{"best_rauc": 0.6006944444444444, "final_abs_r10": 0.9624999999999999, "final_clean": 0.5277777777777778, "final_median_r80": 0.6083333333333333, "final_rauc": 0.6006944444444444, "method": "td_loss", "rauc_aulc": 0.4156539351851852, "runtime_sec": 23.51873278617859, "seed": 2}
{"best_rauc": 0.5902777777777778, "final_abs_r10": 0.8958333333333333, "final_clean": 0.5, "final_median_r80": 0.8999999999999999, "final_rauc": 0.5902777777777778, "method": "bgr_uniform_radius", "rauc_aulc": 0.4314236111111112, "runtime_sec": 20.13238525390625, "seed": 2}
{"best_rauc": 0.4976851851851852, "final_abs_r10": 0.7249999999999999, "final_clean": 0.5277777777777777, "final_median_r80": 0.3083333333333333, "final_rauc": 0.4976851851851852, "method": "bgr_coverage", "rauc_aulc": 0.37471064814814814, "runtime_sec": 19.331655502319336, "seed": 2}
{"best_rauc": 0.5358796296296297, "final_abs_r10": 0.7958333333333333, "final_clean": 0.5416666666666666, "final_median_r80": 0.35, "final_rauc": 0.5358796296296297, "method": "bgr", "rauc_aulc": 0.37282986111111105, "runtime_sec": 18.726040601730347, "seed": 2}
{"best_rauc": 0.6446759259259259, "final_abs_r10": 1.0, "final_clean": 0.5833333333333334, "final_median_r80": 0.6777777777777778, "final_rauc": 0.6446759259259259, "method": "uniform", "rauc_aulc": 0.45109953703703703, "runtime_sec": 14.659331321716309, "seed": 3}
{"best_rauc": 0.6122685185185185, "final_abs_r10": 1.0, "final_clean": 0.5555555555555555, "final_median_r80": 0.7916666666666665, "final_rauc": 0.5960648148148148, "method": "fixed", "rauc_aulc": 0.4635416666666667, "runtime_sec": 14.194644689559937, "seed": 3}
{"best_rauc": 0.6712962962962962, "final_abs_r10": 1.0, "final_clean": 0.6805555555555555, "final_median_r80": 0.4333333333333333, "final_rauc": 0.6712962962962962, "method": "failure_only", "rauc_aulc": 0.4778645833333333, "runtime_sec": 118.69866919517517, "seed": 3}
{"best_rauc": 0.6365740740740741, "final_abs_r10": 1.0, "final_clean": 0.6388888888888888, "final_median_r80": 0.375, "final_rauc": 0.6365740740740741, "method": "td_loss", "rauc_aulc": 0.4709201388888889, "runtime_sec": 22.38052463531494, "seed": 3}
{"best_rauc": 0.5775462962962963, "final_abs_r10": 0.8916666666666666, "final_clean": 0.6249999999999999, "final_median_r80": 0.2666666666666666, "final_rauc": 0.5775462962962963, "method": "bgr_uniform_radius", "rauc_aulc": 0.4403935185185185, "runtime_sec": 18.512965202331543, "seed": 3}
{"best_rauc": 0.5416666666666666, "final_abs_r10": 0.8791666666666667, "final_clean": 0.6388888888888888, "final_median_r80": 0.2666666666666666, "final_rauc": 0.5416666666666666, "method": "bgr_coverage", "rauc_aulc": 0.43475115740740733, "runtime_sec": 18.0774142742157, "seed": 3}
{"best_rauc": 0.5914351851851852, "final_abs_r10": 0.975, "final_clean": 0.5833333333333334, "final_median_r80": 0.4333333333333333, "final_rauc": 0.5914351851851852, "method": "bgr", "rauc_aulc": 0.42158564814814814, "runtime_sec": 17.85012936592102, "seed": 3}
